<?xml version="1.0" encoding="UTF-8"?>
<!-- Generated by org.testng.reporters.JUnitXMLReporter -->
<testsuite hostname="DESKTOP-KE0VAOI" ignored="64" name="Sandata_Test_in_Chrome" tests="17" failures="10" timestamp="17 Apr 2017 14:45:06 GMT" time="541.028" errors="0">
  <testcase name="Auto_V7_TC_63092_Error_With_Date_Range_365_Days" time="8.827" classname="com.sandata.v8.functional.visitMaintenance.Auto_V7_TC_63092_Error_With_Date_Range_Greater_Than_365_Days">
    <failure type="org.openqa.selenium.WebDriverException" message="unknown error: keys should be a string
  (Session info: chrome=57.0.2987.133)
  (Driver info: chromedriver=2.28.455520 (cc17746adff54984afff480136733114c6b3704b),platform=Windows NT 10.0.14393 x86_64) (WARNING: The server did not provide any stacktrace information)
Command duration or timeout: 54 milliseconds
Build info: version: &amp;apos;2.53.0&amp;apos;, revision: &amp;apos;35ae25b1534ae328c771e0856c93e187490ca824&amp;apos;, time: &amp;apos;2016-03-15 10:43:46&amp;apos;
System info: host: &amp;apos;DESKTOP-KE0VAOI&amp;apos;, ip: &amp;apos;172.18.22.185&amp;apos;, os.name: &amp;apos;Windows 10&amp;apos;, os.arch: &amp;apos;amd64&amp;apos;, os.version: &amp;apos;10.0&amp;apos;, java.version: &amp;apos;1.8.0_121&amp;apos;
Driver info: org.openqa.selenium.chrome.ChromeDriver
Capabilities [{applicationCacheEnabled=false, rotatable=false, mobileEmulationEnabled=false, networkConnectionEnabled=false, chrome={chromedriverVersion=2.28.455520 (cc17746adff54984afff480136733114c6b3704b), userDataDir=C:\Users\Nur\AppData\Local\Temp\scoped_dir4552_15367}, takesHeapSnapshot=true, pageLoadStrategy=normal, databaseEnabled=false, handlesAlerts=true, hasTouchScreen=false, version=57.0.2987.133, platform=XP, browserConnectionEnabled=false, nativeEvents=true, acceptSslCerts=true, locationContextEnabled=true, webStorageEnabled=true, browserName=chrome, takesScreenshot=true, javascriptEnabled=true, cssSelectorsEnabled=true, unexpectedAlertBehaviour=}]
Session ID: 42d11d396c20a1026a422e51e996001d">
        <![CDATA[org.openqa.selenium.WebDriverException: unknown error: keys should be a string
  (Session info: chrome=57.0.2987.133)
  (Driver info: chromedriver=2.28.455520 (cc17746adff54984afff480136733114c6b3704b),platform=Windows NT 10.0.14393 x86_64) (WARNING: The server did not provide any stacktrace information)
Command duration or timeout: 54 milliseconds
Build info: version: '2.53.0', revision: '35ae25b1534ae328c771e0856c93e187490ca824', time: '2016-03-15 10:43:46'
System info: host: 'DESKTOP-KE0VAOI', ip: '172.18.22.185', os.name: 'Windows 10', os.arch: 'amd64', os.version: '10.0', java.version: '1.8.0_121'
Driver info: org.openqa.selenium.chrome.ChromeDriver
Capabilities [{applicationCacheEnabled=false, rotatable=false, mobileEmulationEnabled=false, networkConnectionEnabled=false, chrome={chromedriverVersion=2.28.455520 (cc17746adff54984afff480136733114c6b3704b), userDataDir=C:\Users\Nur\AppData\Local\Temp\scoped_dir4552_15367}, takesHeapSnapshot=true, pageLoadStrategy=normal, databaseEnabled=false, handlesAlerts=true, hasTouchScreen=false, version=57.0.2987.133, platform=XP, browserConnectionEnabled=false, nativeEvents=true, acceptSslCerts=true, locationContextEnabled=true, webStorageEnabled=true, browserName=chrome, takesScreenshot=true, javascriptEnabled=true, cssSelectorsEnabled=true, unexpectedAlertBehaviour=}]
Session ID: 42d11d396c20a1026a422e51e996001d
	at org.openqa.selenium.remote.ErrorHandler.createThrowable(ErrorHandler.java:206)
	at org.openqa.selenium.remote.ErrorHandler.throwIfResponseFailed(ErrorHandler.java:158)
	at org.openqa.selenium.remote.RemoteWebDriver.execute(RemoteWebDriver.java:678)
	at org.openqa.selenium.remote.RemoteWebElement.execute(RemoteWebElement.java:327)
	at org.openqa.selenium.remote.RemoteWebElement.sendKeys(RemoteWebElement.java:122)
	at com.sandata.core.Wrapper.setTextBoxValue(Wrapper.java:523)
	at com.sandata.v8.pages.VM_Page.SetDate(VM_Page.java:27)
	at com.sandata.v8.functional.visitMaintenance.Auto_V7_TC_63092_Error_With_Date_Range_Greater_Than_365_Days.Auto_V7_TC_63092_Error_With_Date_Range_365_Days(Auto_V7_TC_63092_Error_With_Date_Range_Greater_Than_365_Days.java:37)
... Removed 29 stack frames]]>
    </failure>
  </testcase> <!-- Auto_V7_TC_63092_Error_With_Date_Range_365_Days -->
  <testcase name="Auto_V7_TC_63128_Search_Visit_Maintenance_Specific_Date_Range" time="10.788" classname="com.sandata.v8.functional.visitMaintenance.Auto_V7_TC_63128_Search_Visit_Maintenance_Specific_Date_Range">
    <failure type="java.lang.NullPointerException">
        <![CDATA[java.lang.NullPointerException
	at com.sandata.core.Wrapper.extractCellDataAndCompare(Wrapper.java:1497)
	at com.sandata.v8.pages.VM_Page.checkhDateRange(VM_Page.java:48)
	at com.sandata.v8.functional.visitMaintenance.Auto_V7_TC_63128_Search_Visit_Maintenance_Specific_Date_Range.Auto_V7_TC_63128_Search_Visit_Maintenance_Specific_Date_Range(Auto_V7_TC_63128_Search_Visit_Maintenance_Specific_Date_Range.java:42)
... Removed 25 stack frames]]>
    </failure>
  </testcase> <!-- Auto_V7_TC_63128_Search_Visit_Maintenance_Specific_Date_Range -->
  <testcase name="Auto_V7_TC_63092_Error_With_Date_Range_365_Days" time="8.813" classname="com.sandata.v8.functional.visitMaintenance.Auto_V7_TC_63130_Search_Visit_Maintenance_Within_A_Day">
    <failure type="java.lang.NullPointerException">
        <![CDATA[java.lang.NullPointerException
	at com.sandata.core.Wrapper.extractCellDataAndCompare(Wrapper.java:1497)
	at com.sandata.v8.pages.VM_Page.checkhDateRange(VM_Page.java:48)
	at com.sandata.v8.functional.visitMaintenance.Auto_V7_TC_63130_Search_Visit_Maintenance_Within_A_Day.Auto_V7_TC_63092_Error_With_Date_Range_365_Days(Auto_V7_TC_63130_Search_Visit_Maintenance_Within_A_Day.java:47)
... Removed 25 stack frames]]>
    </failure>
  </testcase> <!-- Auto_V7_TC_63092_Error_With_Date_Range_365_Days -->
  <testcase name="Auto_V7_TC_63131_Verify_CurentDate_is_Deafult_Date_Filter" time="7.885" classname="com.sandata.v8.functional.visitMaintenance.Auto_V7_TC_63131_Verify_CurentDate_is_Deafult_Date_Filter"/>
  <testcase name="Auto_V7_TC_63146_Search_With_Invalid_From_Date_Format" time="8.201" classname="com.sandata.v8.functional.visitMaintenance.Auto_V7_TC_63146_Search_With_Invalid_From_Date_Format"/>
  <testcase name="Auto_V7_TC_63147_Search_With_Invalid_To_Date_Format" time="7.992" classname="com.sandata.v8.functional.visitMaintenance.Auto_V7_TC_63147_Search_With_Invalid_To_Date_Format"/>
  <testcase name="Auto_V7_TC_63151_Search_With_Greater_From_Date_Than_To_Date" time="7.906" classname="com.sandata.v8.functional.visitMaintenance.Auto_V7_TC_63151_Search_With_Greater_From_Date_Than_To_Date"/>
  <testcase name="Auto_V7_TC_63152_Select_From_Date_Using_Calendar_Picker" time="70.859" classname="com.sandata.v8.functional.visitMaintenance.Auto_V7_TC_63152_Select_From_Date_Using_Calendar_Picker">
    <failure type="java.lang.AssertionError" message="expected [03/13/2017] but found [04/17/2017]">
        <![CDATA[java.lang.AssertionError: expected [03/13/2017] but found [04/17/2017]
	at com.sandata.core.Wrapper.validateTextBoxValue(Wrapper.java:1144)
	at com.sandata.v8.pages.VM_Page.vaidateText(VM_Page.java:107)
	at com.sandata.v8.functional.visitMaintenance.Auto_V7_TC_63152_Select_From_Date_Using_Calendar_Picker.Auto_V7_TC_63152_Select_From_Date_Using_Calendar_Picker(Auto_V7_TC_63152_Select_From_Date_Using_Calendar_Picker.java:46)
... Removed 31 stack frames]]>
    </failure>
  </testcase> <!-- Auto_V7_TC_63152_Select_From_Date_Using_Calendar_Picker -->
  <testcase name="Auto_V7_TC_63154_Select_To_Date_Using_Calendar_Picker" time="9.815" classname="com.sandata.v8.functional.visitMaintenance.Auto_V7_TC_63154_Select_To_Date_Using_Calendar_Picker">
    <failure type="java.lang.AssertionError" message="expected [03/13/2017] but found [04/13/2017]">
        <![CDATA[java.lang.AssertionError: expected [03/13/2017] but found [04/13/2017]
	at com.sandata.core.Wrapper.validateTextBoxValue(Wrapper.java:1144)
	at com.sandata.v8.pages.VM_Page.vaidateText(VM_Page.java:107)
	at com.sandata.v8.functional.visitMaintenance.Auto_V7_TC_63154_Select_To_Date_Using_Calendar_Picker.Auto_V7_TC_63154_Select_To_Date_Using_Calendar_Picker(Auto_V7_TC_63154_Select_To_Date_Using_Calendar_Picker.java:46)
... Removed 31 stack frames]]>
    </failure>
  </testcase> <!-- Auto_V7_TC_63154_Select_To_Date_Using_Calendar_Picker -->
  <testcase name="Auto_V7_TC_63155_Search_With_Empty_From_To_Date" time="70.171" classname="com.sandata.v8.functional.visitMaintenance.Auto_V7_TC_63155_Search_With_Empty_From_To_Date">
    <failure type="java.lang.NullPointerException">
        <![CDATA[java.lang.NullPointerException
	at com.sandata.core.Wrapper.CheckObjectExist(Wrapper.java:1689)
	at com.sandata.v8.pages.VM_Page.verifyObjectExistence(VM_Page.java:111)
	at com.sandata.v8.functional.visitMaintenance.Auto_V7_TC_63155_Search_With_Empty_From_To_Date.Auto_V7_TC_63155_Search_With_Empty_From_To_Date(Auto_V7_TC_63155_Search_With_Empty_From_To_Date.java:46)
... Removed 25 stack frames]]>
    </failure>
  </testcase> <!-- Auto_V7_TC_63155_Search_With_Empty_From_To_Date -->
  <testcase name="Auto_V7_TC_63156_Search_for_0_Records" time="10.335" classname="com.sandata.v8.functional.visitMaintenance.Auto_V7_TC_63156_Search_for_0_Records"/>
  <testcase name="Auto_V7_TC_63157_Search_By_First_Character_Clint_ID" time="70.309" classname="com.sandata.v8.functional.visitMaintenance.Auto_V7_TC_63157_Search_By_First_Character_Client_ID">
    <failure type="java.lang.NullPointerException">
        <![CDATA[java.lang.NullPointerException
	at com.sandata.core.Wrapper.CheckObjectExist(Wrapper.java:1689)
	at com.sandata.v8.pages.VM_Page.verifyObjectExistence(VM_Page.java:111)
	at com.sandata.v8.functional.visitMaintenance.Auto_V7_TC_63157_Search_By_First_Character_Client_ID.Auto_V7_TC_63157_Search_By_First_Character_Clint_ID(Auto_V7_TC_63157_Search_By_First_Character_Client_ID.java:46)
... Removed 25 stack frames]]>
    </failure>
  </testcase> <!-- Auto_V7_TC_63157_Search_By_First_Character_Clint_ID -->
  <testcase name="Auto_V7_TC_63158_Search_By_Full_Clint_ID" time="74.581" classname="com.sandata.v8.functional.visitMaintenance.Auto_V7_TC_63158_Search_By_Full_Client_ID">
    <failure type="java.lang.NullPointerException">
        <![CDATA[java.lang.NullPointerException
	at com.sandata.core.Wrapper.CheckObjectExist(Wrapper.java:1689)
	at com.sandata.v8.pages.VM_Page.verifyObjectExistence(VM_Page.java:111)
	at com.sandata.v8.functional.visitMaintenance.Auto_V7_TC_63158_Search_By_Full_Client_ID.Auto_V7_TC_63158_Search_By_Full_Clint_ID(Auto_V7_TC_63158_Search_By_Full_Client_ID.java:46)
... Removed 25 stack frames]]>
    </failure>
  </testcase> <!-- Auto_V7_TC_63158_Search_By_Full_Clint_ID -->
  <testcase name="Auto_V7_TC_63161_Search_Without_First_Character_Clint_ID" time="8.614" classname="com.sandata.v8.functional.visitMaintenance.Auto_V7_TC_63161_Search_Without_First_Character_Client_ID"/>
  <testcase name="Auto_V7_TC_63161_Search_Without_First_Character_Clint_ID" time="8.562" classname="com.sandata.v8.functional.visitMaintenance.Auto_V7_TC_63168_Search_With_Invalid_Client_ID">
    <failure type="java.lang.AssertionError" message="expected [true] but found [false]">
        <![CDATA[java.lang.AssertionError: expected [true] but found [false]
	at com.sandata.core.Wrapper.validateInnerText(Wrapper.java:153)
	at com.sandata.v8.functional.visitMaintenance.Auto_V7_TC_63168_Search_With_Invalid_Client_ID.Auto_V7_TC_63161_Search_Without_First_Character_Clint_ID(Auto_V7_TC_63168_Search_With_Invalid_Client_ID.java:46)
... Removed 29 stack frames]]>
    </failure>
  </testcase> <!-- Auto_V7_TC_63161_Search_Without_First_Character_Clint_ID -->
  <testcase name="Auto_V7_TC_63161_Search_Without_First_Character_Clint_ID" time="9.123" classname="com.sandata.v8.functional.visitMaintenance.Auto_V7_TC_63169_Search_With_Client_Last_Name_Character"/>
  <testcase name="Auto_V7_TC_63172_Search_With_Client_Exact_Last_Name" time="72.138" classname="com.sandata.v8.functional.visitMaintenance.Auto_V7_TC_63172_Search_With_Client_Exact_Last_Name">
    <failure type="java.lang.NullPointerException">
        <![CDATA[java.lang.NullPointerException
	at com.sandata.core.Wrapper.CheckObjectExist(Wrapper.java:1689)
	at com.sandata.v8.pages.VM_Page.verifyObjectExistence(VM_Page.java:111)
	at com.sandata.v8.functional.visitMaintenance.Auto_V7_TC_63172_Search_With_Client_Exact_Last_Name.Auto_V7_TC_63172_Search_With_Client_Exact_Last_Name(Auto_V7_TC_63172_Search_With_Client_Exact_Last_Name.java:52)
... Removed 25 stack frames]]>
    </failure>
  </testcase> <!-- Auto_V7_TC_63172_Search_With_Client_Exact_Last_Name -->
  <testcase name="@BeforeTest beforeTest" time="0.0" classname="com.sandata.core.BaseTest">
    <ignored/>
  </testcase> <!-- @BeforeTest beforeTest -->
  <testcase name="@BeforeTest beforeTest" time="0.0" classname="com.sandata.core.BaseTest">
    <ignored/>
  </testcase> <!-- @BeforeTest beforeTest -->
  <testcase name="@BeforeTest beforeTest" time="0.0" classname="com.sandata.core.BaseTest">
    <ignored/>
  </testcase> <!-- @BeforeTest beforeTest -->
  <testcase name="@BeforeTest beforeTest" time="0.0" classname="com.sandata.core.BaseTest">
    <ignored/>
  </testcase> <!-- @BeforeTest beforeTest -->
  <testcase name="@BeforeTest beforeTest" time="0.0" classname="com.sandata.core.BaseTest">
    <ignored/>
  </testcase> <!-- @BeforeTest beforeTest -->
  <testcase name="@BeforeTest beforeTest" time="0.0" classname="com.sandata.core.BaseTest">
    <ignored/>
  </testcase> <!-- @BeforeTest beforeTest -->
  <testcase name="@BeforeTest beforeTest" time="0.0" classname="com.sandata.core.BaseTest">
    <ignored/>
  </testcase> <!-- @BeforeTest beforeTest -->
  <testcase name="@BeforeTest beforeTest" time="0.0" classname="com.sandata.core.BaseTest">
    <ignored/>
  </testcase> <!-- @BeforeTest beforeTest -->
  <testcase name="@BeforeTest beforeTest" time="0.0" classname="com.sandata.core.BaseTest">
    <ignored/>
  </testcase> <!-- @BeforeTest beforeTest -->
  <testcase name="@BeforeTest beforeTest" time="0.0" classname="com.sandata.core.BaseTest">
    <ignored/>
  </testcase> <!-- @BeforeTest beforeTest -->
  <testcase name="@BeforeTest beforeTest" time="0.0" classname="com.sandata.core.BaseTest">
    <ignored/>
  </testcase> <!-- @BeforeTest beforeTest -->
  <testcase name="@BeforeTest beforeTest" time="0.0" classname="com.sandata.core.BaseTest">
    <ignored/>
  </testcase> <!-- @BeforeTest beforeTest -->
  <testcase name="@BeforeTest beforeTest" time="0.0" classname="com.sandata.core.BaseTest">
    <ignored/>
  </testcase> <!-- @BeforeTest beforeTest -->
  <testcase name="@BeforeTest beforeTest" time="0.0" classname="com.sandata.core.BaseTest">
    <ignored/>
  </testcase> <!-- @BeforeTest beforeTest -->
  <testcase name="@BeforeTest beforeTest" time="0.0" classname="com.sandata.core.BaseTest">
    <ignored/>
  </testcase> <!-- @BeforeTest beforeTest -->
  <testcase name="@BeforeTest beforeTest" time="0.0" classname="com.sandata.core.BaseTest">
    <ignored/>
  </testcase> <!-- @BeforeTest beforeTest -->
  <testcase name="@AfterTest afterTest" time="0.0" classname="com.sandata.core.BaseTest">
    <ignored/>
  </testcase> <!-- @AfterTest afterTest -->
  <testcase name="@AfterTest afterTest" time="0.0" classname="com.sandata.core.BaseTest">
    <ignored/>
  </testcase> <!-- @AfterTest afterTest -->
  <testcase name="@AfterTest afterTest" time="0.0" classname="com.sandata.core.BaseTest">
    <ignored/>
  </testcase> <!-- @AfterTest afterTest -->
  <testcase name="@AfterTest afterTest" time="0.0" classname="com.sandata.core.BaseTest">
    <ignored/>
  </testcase> <!-- @AfterTest afterTest -->
  <testcase name="@AfterTest afterTest" time="0.0" classname="com.sandata.core.BaseTest">
    <ignored/>
  </testcase> <!-- @AfterTest afterTest -->
  <testcase name="@AfterTest afterTest" time="0.0" classname="com.sandata.core.BaseTest">
    <ignored/>
  </testcase> <!-- @AfterTest afterTest -->
  <testcase name="@AfterTest afterTest" time="0.0" classname="com.sandata.core.BaseTest">
    <ignored/>
  </testcase> <!-- @AfterTest afterTest -->
  <testcase name="@AfterTest afterTest" time="0.0" classname="com.sandata.core.BaseTest">
    <ignored/>
  </testcase> <!-- @AfterTest afterTest -->
  <testcase name="@AfterTest afterTest" time="0.0" classname="com.sandata.core.BaseTest">
    <ignored/>
  </testcase> <!-- @AfterTest afterTest -->
  <testcase name="@AfterTest afterTest" time="0.0" classname="com.sandata.core.BaseTest">
    <ignored/>
  </testcase> <!-- @AfterTest afterTest -->
  <testcase name="@AfterTest afterTest" time="0.0" classname="com.sandata.core.BaseTest">
    <ignored/>
  </testcase> <!-- @AfterTest afterTest -->
  <testcase name="@AfterTest afterTest" time="0.0" classname="com.sandata.core.BaseTest">
    <ignored/>
  </testcase> <!-- @AfterTest afterTest -->
  <testcase name="@AfterTest afterTest" time="0.0" classname="com.sandata.core.BaseTest">
    <ignored/>
  </testcase> <!-- @AfterTest afterTest -->
  <testcase name="@AfterTest afterTest" time="0.0" classname="com.sandata.core.BaseTest">
    <ignored/>
  </testcase> <!-- @AfterTest afterTest -->
  <testcase name="@AfterTest afterTest" time="0.0" classname="com.sandata.core.BaseTest">
    <ignored/>
  </testcase> <!-- @AfterTest afterTest -->
  <testcase name="@AfterTest afterTest" time="0.0" classname="com.sandata.core.BaseTest">
    <ignored/>
  </testcase> <!-- @AfterTest afterTest -->
  <testcase name="@AfterSuite afterSuite" time="0.0" classname="com.sandata.core.BaseTest">
    <ignored/>
  </testcase> <!-- @AfterSuite afterSuite -->
  <testcase name="@AfterSuite afterSuite" time="0.0" classname="com.sandata.core.BaseTest">
    <ignored/>
  </testcase> <!-- @AfterSuite afterSuite -->
  <testcase name="@AfterSuite afterSuite" time="0.0" classname="com.sandata.core.BaseTest">
    <ignored/>
  </testcase> <!-- @AfterSuite afterSuite -->
  <testcase name="@AfterSuite afterSuite" time="0.0" classname="com.sandata.core.BaseTest">
    <ignored/>
  </testcase> <!-- @AfterSuite afterSuite -->
  <testcase name="@AfterSuite afterSuite" time="0.0" classname="com.sandata.core.BaseTest">
    <ignored/>
  </testcase> <!-- @AfterSuite afterSuite -->
  <testcase name="@AfterSuite afterSuite" time="0.0" classname="com.sandata.core.BaseTest">
    <ignored/>
  </testcase> <!-- @AfterSuite afterSuite -->
  <testcase name="@AfterSuite afterSuite" time="0.0" classname="com.sandata.core.BaseTest">
    <ignored/>
  </testcase> <!-- @AfterSuite afterSuite -->
  <testcase name="@AfterSuite afterSuite" time="0.0" classname="com.sandata.core.BaseTest">
    <ignored/>
  </testcase> <!-- @AfterSuite afterSuite -->
  <testcase name="@AfterSuite afterSuite" time="0.0" classname="com.sandata.core.BaseTest">
    <ignored/>
  </testcase> <!-- @AfterSuite afterSuite -->
  <testcase name="@AfterSuite afterSuite" time="0.0" classname="com.sandata.core.BaseTest">
    <ignored/>
  </testcase> <!-- @AfterSuite afterSuite -->
  <testcase name="@AfterSuite afterSuite" time="0.0" classname="com.sandata.core.BaseTest">
    <ignored/>
  </testcase> <!-- @AfterSuite afterSuite -->
  <testcase name="@AfterSuite afterSuite" time="0.0" classname="com.sandata.core.BaseTest">
    <ignored/>
  </testcase> <!-- @AfterSuite afterSuite -->
  <testcase name="@AfterSuite afterSuite" time="0.0" classname="com.sandata.core.BaseTest">
    <ignored/>
  </testcase> <!-- @AfterSuite afterSuite -->
  <testcase name="@AfterSuite afterSuite" time="0.0" classname="com.sandata.core.BaseTest">
    <ignored/>
  </testcase> <!-- @AfterSuite afterSuite -->
  <testcase name="@AfterSuite afterSuite" time="0.0" classname="com.sandata.core.BaseTest">
    <ignored/>
  </testcase> <!-- @AfterSuite afterSuite -->
  <testcase name="@AfterSuite afterSuite" time="0.0" classname="com.sandata.core.BaseTest">
    <ignored/>
  </testcase> <!-- @AfterSuite afterSuite -->
  <testcase name="@BeforeSuite beforeSuite" time="0.0" classname="com.sandata.core.BaseTest">
    <ignored/>
  </testcase> <!-- @BeforeSuite beforeSuite -->
  <testcase name="@BeforeSuite beforeSuite" time="0.0" classname="com.sandata.core.BaseTest">
    <ignored/>
  </testcase> <!-- @BeforeSuite beforeSuite -->
  <testcase name="@BeforeSuite beforeSuite" time="0.0" classname="com.sandata.core.BaseTest">
    <ignored/>
  </testcase> <!-- @BeforeSuite beforeSuite -->
  <testcase name="@BeforeSuite beforeSuite" time="0.0" classname="com.sandata.core.BaseTest">
    <ignored/>
  </testcase> <!-- @BeforeSuite beforeSuite -->
  <testcase name="@BeforeSuite beforeSuite" time="0.0" classname="com.sandata.core.BaseTest">
    <ignored/>
  </testcase> <!-- @BeforeSuite beforeSuite -->
  <testcase name="@BeforeSuite beforeSuite" time="0.0" classname="com.sandata.core.BaseTest">
    <ignored/>
  </testcase> <!-- @BeforeSuite beforeSuite -->
  <testcase name="@BeforeSuite beforeSuite" time="0.0" classname="com.sandata.core.BaseTest">
    <ignored/>
  </testcase> <!-- @BeforeSuite beforeSuite -->
  <testcase name="@BeforeSuite beforeSuite" time="0.0" classname="com.sandata.core.BaseTest">
    <ignored/>
  </testcase> <!-- @BeforeSuite beforeSuite -->
  <testcase name="@BeforeSuite beforeSuite" time="0.0" classname="com.sandata.core.BaseTest">
    <ignored/>
  </testcase> <!-- @BeforeSuite beforeSuite -->
  <testcase name="@BeforeSuite beforeSuite" time="0.0" classname="com.sandata.core.BaseTest">
    <ignored/>
  </testcase> <!-- @BeforeSuite beforeSuite -->
  <testcase name="@BeforeSuite beforeSuite" time="0.0" classname="com.sandata.core.BaseTest">
    <ignored/>
  </testcase> <!-- @BeforeSuite beforeSuite -->
  <testcase name="@BeforeSuite beforeSuite" time="0.0" classname="com.sandata.core.BaseTest">
    <ignored/>
  </testcase> <!-- @BeforeSuite beforeSuite -->
  <testcase name="@BeforeSuite beforeSuite" time="0.0" classname="com.sandata.core.BaseTest">
    <ignored/>
  </testcase> <!-- @BeforeSuite beforeSuite -->
  <testcase name="@BeforeSuite beforeSuite" time="0.0" classname="com.sandata.core.BaseTest">
    <ignored/>
  </testcase> <!-- @BeforeSuite beforeSuite -->
  <testcase name="@BeforeSuite beforeSuite" time="0.0" classname="com.sandata.core.BaseTest">
    <ignored/>
  </testcase> <!-- @BeforeSuite beforeSuite -->
  <testcase name="@BeforeSuite beforeSuite" time="0.0" classname="com.sandata.core.BaseTest">
    <ignored/>
  </testcase> <!-- @BeforeSuite beforeSuite -->
</testsuite> <!-- Sandata_Test_in_Chrome -->
