<?xml version="1.0" encoding="UTF-8"?>
<!-- Generated by org.testng.reporters.JUnitXMLReporter -->
<testsuite hostname="DESKTOP-KE0VAOI" ignored="0" name="Default test" tests="1" failures="0" timestamp="30 Jun 2017 15:47:02 GMT" time="42.117" errors="0">
  <testcase name="Auto_V8_TC_11111_Create_A_Test_Call_EveryDay_For_Incomplete_Status" time="35.091" classname="com.sandata.v8.functional.VisitMaintenance.Auto_V8_TC_11111_Create_A_Test_Call_EveryDay_For_Incomplete_Status"/>
</testsuite> <!-- Default test -->
