<?xml version="1.0" encoding="UTF-8"?>
<testng-results skipped="0" failed="0" ignored="0" total="1" passed="1">
  <reporter-output>
  </reporter-output>
  <suite name="Default suite" duration-ms="42117" started-at="2017-06-30T15:46:20Z" finished-at="2017-06-30T15:47:02Z">
    <groups>
    </groups>
    <test name="Default test" duration-ms="42117" started-at="2017-06-30T15:46:20Z" finished-at="2017-06-30T15:47:02Z">
      <class name="com.sandata.v8.functional.VisitMaintenance.Auto_V8_TC_11111_Create_A_Test_Call_EveryDay_For_Incomplete_Status">
        <test-method status="PASS" signature="beforeSuite()[pri:0, instance:com.sandata.v8.functional.VisitMaintenance.Auto_V8_TC_11111_Create_A_Test_Call_EveryDay_For_Incomplete_Status@1d16f93d]" name="beforeSuite" is-config="true" duration-ms="1810" started-at="2017-06-30T11:46:18Z" finished-at="2017-06-30T11:46:20Z">
          <reporter-output>
          </reporter-output>
        </test-method> <!-- beforeSuite -->
        <test-method status="PASS" signature="beforeTest()[pri:0, instance:com.sandata.v8.functional.VisitMaintenance.Auto_V8_TC_11111_Create_A_Test_Call_EveryDay_For_Incomplete_Status@1d16f93d]" name="beforeTest" is-config="true" duration-ms="0" started-at="2017-06-30T11:46:20Z" finished-at="2017-06-30T11:46:20Z">
          <reporter-output>
          </reporter-output>
        </test-method> <!-- beforeTest -->
        <test-method status="PASS" signature="beforeClass()[pri:0, instance:com.sandata.v8.functional.VisitMaintenance.Auto_V8_TC_11111_Create_A_Test_Call_EveryDay_For_Incomplete_Status@1d16f93d]" name="beforeClass" is-config="true" duration-ms="1" started-at="2017-06-30T11:46:20Z" finished-at="2017-06-30T11:46:20Z">
          <reporter-output>
          </reporter-output>
        </test-method> <!-- beforeClass -->
        <test-method status="PASS" signature="beforeMethod()[pri:0, instance:com.sandata.v8.functional.VisitMaintenance.Auto_V8_TC_11111_Create_A_Test_Call_EveryDay_For_Incomplete_Status@1d16f93d]" name="beforeMethod" is-config="true" duration-ms="7" started-at="2017-06-30T11:46:20Z" finished-at="2017-06-30T11:46:20Z">
          <reporter-output>
          </reporter-output>
        </test-method> <!-- beforeMethod -->
        <test-method status="PASS" signature="Auto_V8_TC_11111_Create_A_Test_Call_EveryDay_For_Incomplete_Status(java.lang.String)[pri:0, instance:com.sandata.v8.functional.VisitMaintenance.Auto_V8_TC_11111_Create_A_Test_Call_EveryDay_For_Incomplete_Status@1d16f93d]" name="Auto_V8_TC_11111_Create_A_Test_Call_EveryDay_For_Incomplete_Status" duration-ms="35091" started-at="2017-06-30T11:46:20Z" data-provider="td" finished-at="2017-06-30T11:46:55Z">
          <params>
            <param index="0">
              <value>
                <![CDATA[dummy]]>
              </value>
            </param>
          </params>
          <reporter-output>
          </reporter-output>
        </test-method> <!-- Auto_V8_TC_11111_Create_A_Test_Call_EveryDay_For_Incomplete_Status -->
        <test-method status="PASS" signature="afterMethod(org.testng.ITestResult)[pri:0, instance:com.sandata.v8.functional.VisitMaintenance.Auto_V8_TC_11111_Create_A_Test_Call_EveryDay_For_Incomplete_Status@1d16f93d]" name="afterMethod" is-config="true" duration-ms="6399" started-at="2017-06-30T11:46:55Z" finished-at="2017-06-30T11:47:02Z">
          <params>
            <param index="0">
              <value>
                <![CDATA[[TestResult name=Auto_V8_TC_11111_Create_A_Test_Call_EveryDay_For_Incomplete_Status status=SUCCESS method=Auto_V8_TC_11111_Create_A_Test_Call_EveryDay_For_Incomplete_Status.Auto_V8_TC_11111_Create_A_Test_Call_EveryDay_For_Incomplete_Status(java.lang.String)[pri:0, instance:com.sandata.v8.functional.VisitMaintenance.Auto_V8_TC_11111_Create_A_Test_Call_EveryDay_For_Incomplete_Status@1d16f93d] output={null}]]]>
              </value>
            </param>
          </params>
          <reporter-output>
          </reporter-output>
        </test-method> <!-- afterMethod -->
        <test-method status="PASS" signature="afterClass()[pri:0, instance:com.sandata.v8.functional.VisitMaintenance.Auto_V8_TC_11111_Create_A_Test_Call_EveryDay_For_Incomplete_Status@1d16f93d]" name="afterClass" is-config="true" duration-ms="0" started-at="2017-06-30T11:47:02Z" finished-at="2017-06-30T11:47:02Z">
          <reporter-output>
          </reporter-output>
        </test-method> <!-- afterClass -->
        <test-method status="PASS" signature="afterTest()[pri:0, instance:com.sandata.v8.functional.VisitMaintenance.Auto_V8_TC_11111_Create_A_Test_Call_EveryDay_For_Incomplete_Status@1d16f93d]" name="afterTest" is-config="true" duration-ms="0" started-at="2017-06-30T11:47:02Z" finished-at="2017-06-30T11:47:02Z">
          <reporter-output>
          </reporter-output>
        </test-method> <!-- afterTest -->
        <test-method status="PASS" signature="afterSuite()[pri:0, instance:com.sandata.v8.functional.VisitMaintenance.Auto_V8_TC_11111_Create_A_Test_Call_EveryDay_For_Incomplete_Status@1d16f93d]" name="afterSuite" is-config="true" duration-ms="22" started-at="2017-06-30T11:47:02Z" finished-at="2017-06-30T11:47:02Z">
          <reporter-output>
          </reporter-output>
        </test-method> <!-- afterSuite -->
      </class> <!-- com.sandata.v8.functional.VisitMaintenance.Auto_V8_TC_11111_Create_A_Test_Call_EveryDay_For_Incomplete_Status -->
    </test> <!-- Default test -->
  </suite> <!-- Default suite -->
</testng-results>
